<?xml version="1.0" encoding="UTF-8"?>
<!-- Generated by org.testng.reporters.JUnitReportReporter -->
<testsuite skipped="0" hostname="DESKTOP-PH9U0QR" name="org.petstore.RestServices" tests="6" failures="0" timestamp="25 Aug 2022 08:33:28 GMT" time="12.011" errors="0">
  <testcase name="addPet" time="1.247" classname="org.petstore.RestServices"/>
  <testcase name="addPet" time="5.763" classname="org.petstore.RestServices"/>
  <testcase name="addPet" time="1.269" classname="org.petstore.RestServices"/>
  <testcase name="retrievePet" time="1.275" classname="org.petstore.RestServices"/>
  <testcase name="updatePet" time="1.217" classname="org.petstore.RestServices"/>
  <testcase name="petByStatus" time="1.240" classname="org.petstore.RestServices"/>
</testsuite> <!-- org.petstore.RestServices -->
