<?xml version="1.0" encoding="UTF-8"?>
<!-- Generated by org.testng.reporters.JUnitReportReporter -->
<testsuite skipped="0" hostname="DESKTOP-PH9U0QR" name="org.jira.Jira3" tests="6" failures="0" timestamp="28 Aug 2022 13:50:01 GMT" time="3.254" errors="0">
  <testcase name="session" time="1.681" classname="org.jira.Jira3"/>
  <testcase name="createIssue" time="1.185" classname="org.jira.Jira3"/>
  <testcase name="addComment" time="0.113" classname="org.jira.Jira3"/>
  <testcase name="attachment" time="0.170" classname="org.jira.Jira3"/>
  <testcase name="getIssue" time="0.079" classname="org.jira.Jira3"/>
  <testcase name="getComments" time="0.026" classname="org.jira.Jira3"/>
</testsuite> <!-- org.jira.Jira3 -->
